<?xml version="1.0" encoding="UTF-8"?>
<!-- Generated by org.testng.reporters.JUnitXMLReporter -->
<testsuite ignored="0" hostname="CO-IT003170" failures="1" tests="1" name="Surefire test" time="0.012" errors="0" timestamp="21 Feb 2024 17:09:11 GMT">
  <testcase classname="com.globant.AppTest" name="googleSetUp" time="0.0">
    <failure type="org.testng.TestNGException" message="
Parameter &amp;apos;url&amp;apos; is required by @Test on method googleSetUp but has not been marked @Optional or defined
">
      <![CDATA[org.testng.TestNGException: 
Parameter 'url' is required by @Test on method googleSetUp but has not been marked @Optional or defined

... Removed 29 stack frames]]>
    </failure>
  </testcase> <!-- googleSetUp -->
</testsuite> <!-- Surefire test -->
